Arguments: 
  /home/waweru/.nvm/versions/node/v6.11.1/bin/node /usr/share/yarn/bin/yarn.js add --dev mocha @types/mocha @types/dotenv

PATH: 
  /home/waweru/.nvm/versions/node/v6.11.1/bin:/usr/local/bin:/usr/bin:/bin:/usr/local/games:/usr/games:/home/waweru/.rvm/bin:/home/waweru/.rvm/bin:/home/waweru/.rvm/bin

Yarn version: 
  0.27.5

Node version: 
  6.11.1

Platform: 
  linux x64

npm manifest: 
  {
    "name": "node-ujumbe",
    "version": "0.1.2",
    "description": "",
    "main": "index.js",
    "dependencies": {
      "axios": "0.16.2",
      "validator": "8.1.0"
    },
    "devDependencies": {
      "@types/node": "8.0.25",
      "@types/validator": "6.2.2",
      "dotenv": "^4.0.0",
      "rimraf": "2.6.1"
    },
    "scripts": {
      "test": "echo \"Error: no test specified\" && exit 1",
      "build": "tsc -p tsconfig.json --diagnostics --inlineSourceMap",
      "clean": "rimraf *.js *.d.ts"
    },
    "keywords": [],
    "author": "",
    "license": "ISC"
  }

yarn manifest: 
  No manifest

Lockfile: 
  # THIS IS AN AUTOGENERATED FILE. DO NOT EDIT THIS FILE DIRECTLY.
  # yarn lockfile v1
  
  
  "@types/node@8.0.25":
    version "8.0.25"
    resolved "https://registry.yarnpkg.com/@types/node/-/node-8.0.25.tgz#66ecaf4df93f5281b48427ee96fbcdfc4f0cdce1"
  
  "@types/validator@6.2.2":
    version "6.2.2"
    resolved "https://registry.yarnpkg.com/@types/validator/-/validator-6.2.2.tgz#f10c4433e5d107c95cf895e53ae4d25a53c3fa32"
  
  axios@0.16.2:
    version "0.16.2"
    resolved "https://registry.yarnpkg.com/axios/-/axios-0.16.2.tgz#ba4f92f17167dfbab40983785454b9ac149c3c6d"
    dependencies:
      follow-redirects "^1.2.3"
      is-buffer "^1.1.5"
  
  balanced-match@^1.0.0:
    version "1.0.0"
    resolved "https://registry.yarnpkg.com/balanced-match/-/balanced-match-1.0.0.tgz#89b4d199ab2bee49de164ea02b89ce462d71b767"
  
  brace-expansion@^1.1.7:
    version "1.1.8"
    resolved "https://registry.yarnpkg.com/brace-expansion/-/brace-expansion-1.1.8.tgz#c07b211c7c952ec1f8efd51a77ef0d1d3990a292"
    dependencies:
      balanced-match "^1.0.0"
      concat-map "0.0.1"
  
  concat-map@0.0.1:
    version "0.0.1"
    resolved "https://registry.yarnpkg.com/concat-map/-/concat-map-0.0.1.tgz#d8a96bd77fd68df7793a73036a3ba0d5405d477b"
  
  debug@^2.4.5:
    version "2.6.8"
    resolved "https://registry.yarnpkg.com/debug/-/debug-2.6.8.tgz#e731531ca2ede27d188222427da17821d68ff4fc"
    dependencies:
      ms "2.0.0"
  
  dotenv@^4.0.0:
    version "4.0.0"
    resolved "https://registry.yarnpkg.com/dotenv/-/dotenv-4.0.0.tgz#864ef1379aced55ce6f95debecdce179f7a0cd1d"
  
  follow-redirects@^1.2.3:
    version "1.2.4"
    resolved "https://registry.yarnpkg.com/follow-redirects/-/follow-redirects-1.2.4.tgz#355e8f4d16876b43f577b0d5ce2668b9723214ea"
    dependencies:
      debug "^2.4.5"
  
  fs.realpath@^1.0.0:
    version "1.0.0"
    resolved "https://registry.yarnpkg.com/fs.realpath/-/fs.realpath-1.0.0.tgz#1504ad2523158caa40db4a2787cb01411994ea4f"
  
  glob@^7.0.5:
    version "7.1.2"
    resolved "https://registry.yarnpkg.com/glob/-/glob-7.1.2.tgz#c19c9df9a028702d678612384a6552404c636d15"
    dependencies:
      fs.realpath "^1.0.0"
      inflight "^1.0.4"
      inherits "2"
      minimatch "^3.0.4"
      once "^1.3.0"
      path-is-absolute "^1.0.0"
  
  inflight@^1.0.4:
    version "1.0.6"
    resolved "https://registry.yarnpkg.com/inflight/-/inflight-1.0.6.tgz#49bd6331d7d02d0c09bc910a1075ba8165b56df9"
    dependencies:
      once "^1.3.0"
      wrappy "1"
  
  inherits@2:
    version "2.0.3"
    resolved "https://registry.yarnpkg.com/inherits/-/inherits-2.0.3.tgz#633c2c83e3da42a502f52466022480f4208261de"
  
  is-buffer@^1.1.5:
    version "1.1.5"
    resolved "https://registry.yarnpkg.com/is-buffer/-/is-buffer-1.1.5.tgz#1f3b26ef613b214b88cbca23cc6c01d87961eecc"
  
  minimatch@^3.0.4:
    version "3.0.4"
    resolved "https://registry.yarnpkg.com/minimatch/-/minimatch-3.0.4.tgz#5166e286457f03306064be5497e8dbb0c3d32083"
    dependencies:
      brace-expansion "^1.1.7"
  
  ms@2.0.0:
    version "2.0.0"
    resolved "https://registry.yarnpkg.com/ms/-/ms-2.0.0.tgz#5608aeadfc00be6c2901df5f9861788de0d597c8"
  
  once@^1.3.0:
    version "1.4.0"
    resolved "https://registry.yarnpkg.com/once/-/once-1.4.0.tgz#583b1aa775961d4b113ac17d9c50baef9dd76bd1"
    dependencies:
      wrappy "1"
  
  path-is-absolute@^1.0.0:
    version "1.0.1"
    resolved "https://registry.yarnpkg.com/path-is-absolute/-/path-is-absolute-1.0.1.tgz#174b9268735534ffbc7ace6bf53a5a9e1b5c5f5f"
  
  rimraf@2.6.1:
    version "2.6.1"
    resolved "https://registry.yarnpkg.com/rimraf/-/rimraf-2.6.1.tgz#c2338ec643df7a1b7fe5c54fa86f57428a55f33d"
    dependencies:
      glob "^7.0.5"
  
  validator@8.1.0:
    version "8.1.0"
    resolved "https://registry.yarnpkg.com/validator/-/validator-8.1.0.tgz#89cf6b512ff71eba886afd8d10d47f8dc800eac0"
  
  wrappy@1:
    version "1.0.2"
    resolved "https://registry.yarnpkg.com/wrappy/-/wrappy-1.0.2.tgz#b5243d8f3ec1aa35f1364605bc0d1036e30ab69f"

Trace: 
  Error: https://registry.yarnpkg.com/commander: ETIMEDOUT
      at Timeout._onTimeout (/usr/share/yarn/lib/yarn-cli.js:114906:19)
      at ontimeout (timers.js:386:14)
      at tryOnTimeout (timers.js:250:5)
      at Timer.listOnTimeout (timers.js:214:5)
